Performing C SOURCE FILE Test C_SUPPORTS_WERROR_UNGUARDED_AVAILABILITY_NEW failed with the following output:
Change Dir: /workspaces/cs6340-lab-1/fuzzing/part3/build/CMakeFiles/CMakeTmp

Run Build Command(s):/usr/bin/make cmTC_a019b/fast && /usr/bin/make -f CMakeFiles/cmTC_a019b.dir/build.make CMakeFiles/cmTC_a019b.dir/build
make[1]: Entering directory '/workspaces/cs6340-lab-1/fuzzing/part3/build/CMakeFiles/CMakeTmp'
Building C object CMakeFiles/cmTC_a019b.dir/src.c.o
/usr/bin/cc   -fPIC -Werror=date-time -DC_SUPPORTS_WERROR_UNGUARDED_AVAILABILITY_NEW   -Werror -Werror=unguarded-availability-new -o CMakeFiles/cmTC_a019b.dir/src.c.o   -c /workspaces/cs6340-lab-1/fuzzing/part3/build/CMakeFiles/CMakeTmp/src.c
cc1: error: '-Werror=unguarded-availability-new': no option -Wunguarded-availability-new
make[1]: *** [CMakeFiles/cmTC_a019b.dir/build.make:66: CMakeFiles/cmTC_a019b.dir/src.c.o] Error 1
make[1]: Leaving directory '/workspaces/cs6340-lab-1/fuzzing/part3/build/CMakeFiles/CMakeTmp'
make: *** [Makefile:121: cmTC_a019b/fast] Error 2


Source file was:
int main(void) { return 0; }
Performing C++ SOURCE FILE Test CXX_SUPPORTS_WERROR_UNGUARDED_AVAILABILITY_NEW failed with the following output:
Change Dir: /workspaces/cs6340-lab-1/fuzzing/part3/build/CMakeFiles/CMakeTmp

Run Build Command(s):/usr/bin/make cmTC_23682/fast && /usr/bin/make -f CMakeFiles/cmTC_23682.dir/build.make CMakeFiles/cmTC_23682.dir/build
make[1]: Entering directory '/workspaces/cs6340-lab-1/fuzzing/part3/build/CMakeFiles/CMakeTmp'
Building CXX object CMakeFiles/cmTC_23682.dir/src.cxx.o
/usr/bin/c++    -fPIC -fvisibility-inlines-hidden -Werror=date-time -DCXX_SUPPORTS_WERROR_UNGUARDED_AVAILABILITY_NEW   -Werror -Werror=unguarded-availability-new -o CMakeFiles/cmTC_23682.dir/src.cxx.o -c /workspaces/cs6340-lab-1/fuzzing/part3/build/CMakeFiles/CMakeTmp/src.cxx
cc1plus: error: '-Werror=unguarded-availability-new': no option -Wunguarded-availability-new
make[1]: *** [CMakeFiles/cmTC_23682.dir/build.make:66: CMakeFiles/cmTC_23682.dir/src.cxx.o] Error 1
make[1]: Leaving directory '/workspaces/cs6340-lab-1/fuzzing/part3/build/CMakeFiles/CMakeTmp'
make: *** [Makefile:121: cmTC_23682/fast] Error 2


Source file was:
int main() { return 0; }
